-------------------------------------------------------------------------------
Test set: Profile.ProfilesTest
-------------------------------------------------------------------------------
Tests run: 10, Failures: 10, Errors: 0, Skipped: 0, Time elapsed: 0.001 sec <<< FAILURE!
Profile.ProfilesTest.testGetUserProfileCursor()  Time elapsed: 0 sec  <<< FAILURE!
java.lang.NullPointerException
	at Profile.ProfilesTest.testGetUserProfileCursor(ProfilesTest.java:60)

Profile.ProfilesTest.testGetUserProfileData()  Time elapsed: 0 sec  <<< FAILURE!
java.lang.NullPointerException
	at Profile.ProfilesTest.testGetUserProfileData(ProfilesTest.java:75)

Profile.ProfilesTest.testGetUserProfileById()  Time elapsed: 0 sec  <<< FAILURE!
java.lang.NullPointerException
	at Profile.ProfilesTest.testGetUserProfileById(ProfilesTest.java:91)

Profile.ProfilesTest.testUploadDeviceTokens()  Time elapsed: 0 sec  <<< FAILURE!
java.lang.NullPointerException
	at Profile.ProfilesTest.testUploadDeviceTokens(ProfilesTest.java:110)

Profile.ProfilesTest.testGetProfileCount()  Time elapsed: 0 sec  <<< FAILURE!
java.lang.NullPointerException
	at Profile.ProfilesTest.testGetProfileCount(ProfilesTest.java:128)

Profile.ProfilesTest.testDeleteUserProfile()  Time elapsed: 0 sec  <<< FAILURE!
java.lang.NullPointerException
	at Profile.ProfilesTest.testDeleteUserProfile(ProfilesTest.java:145)

Profile.ProfilesTest.testDemergeUserProfile()  Time elapsed: 0 sec  <<< FAILURE!
java.lang.NullPointerException
	at Profile.ProfilesTest.testDemergeUserProfile(ProfilesTest.java:162)

Profile.ProfilesTest.testSubscribe()  Time elapsed: 0 sec  <<< FAILURE!
java.lang.NullPointerException
	at Profile.ProfilesTest.testSubscribe(ProfilesTest.java:181)

Profile.ProfilesTest.testUploadUserProfile()  Time elapsed: 0 sec  <<< FAILURE!
java.lang.NullPointerException
	at Profile.ProfilesTest.testUploadUserProfile(ProfilesTest.java:43)

Profile.ProfilesTest.testDissociate()  Time elapsed: 0 sec  <<< FAILURE!
java.lang.NullPointerException
	at Profile.ProfilesTest.testDissociate(ProfilesTest.java:201)

