<?xml version="1.0" encoding="UTF-8"?>
<testsuite xmlns:xsi="http://www.w3.org/2001/XMLSchema-instance" xsi:noNamespaceSchemaLocation="https://maven.apache.org/surefire/maven-surefire-plugin/xsd/surefire-test-report.xsd" name="report.unit.ReportUnitTest" time="1.641" tests="5" errors="0" skipped="0" failures="0">
  <properties>
[...]
</properties>
  <testcase name="testGetTopPropertyCountByReqId" classname="report.unit.ReportUnitTest" time="0.795"/>
  <testcase name="testGetMessageReports" classname="report.unit.ReportUnitTest" time="0.027"/>
  <testcase name="testGetTopPropertyCount" classname="report.unit.ReportUnitTest" time="0.003"/>
  <testcase name="testGetTrends" classname="report.unit.ReportUnitTest" time="0.003"/>
  <testcase name="testGetRealTimeCounts" classname="report.unit.ReportUnitTest" time="0.017"/>
</testsuite>